<?xml version="1.0" encoding="UTF-8"?>
<!-- Generated by org.testng.reporters.JUnitXMLReporter -->
<testsuite ignored="0" hostname="DESKTOP-3EB4RTA" failures="0" tests="3" name="Submit Ordered Product" time="159.999" errors="0" timestamp="2024-08-25T12:11:58 IST">
  <testcase classname="Luma_Test.tests.Luma_PurchaseProducts_Test" name="luma_Purchase_Products" time="50.1"/>
  <testcase classname="Luma_Test.tests.Luma_PurchaseProducts_Test" name="luma_Purchase_Products" time="46.322"/>
  <testcase classname="Luma_Test.tests.Luma_PurchaseProducts_Test" name="CheckOrderProducts" time="20.043"/>
</testsuite> <!-- Submit Ordered Product -->
